Flow report for Template_Parte_D
Thu Nov 07 19:26:46 2024
Quartus II 64-Bit Version 13.0.1 Build 232 06/12/2013 Service Pack 1 SJ Web Edition


---------------------
; Table of Contents ;
---------------------
  1. Legal Notice
  2. Flow Summary
  3. Flow Settings
  4. Flow Non-Default Global Settings
  5. Flow Elapsed Time
  6. Flow OS Summary
  7. Flow Log
  8. Flow Messages
  9. Flow Suppressed Messages



----------------
; Legal Notice ;
----------------
Copyright (C) 1991-2013 Altera Corporation
Your use of Altera Corporation's design tools, logic functions 
and other software and tools, and its AMPP partner logic 
functions, and any output files from any of the foregoing 
(including device programming or simulation files), and any 
associated documentation or information are expressly subject 
to the terms and conditions of the Altera Program License 
Subscription Agreement, Altera MegaCore Function License 
Agreement, or other applicable license agreement, including, 
without limitation, that your use is for the sole purpose of 
programming logic devices manufactured by Altera and sold by 
Altera or its authorized distributors.  Please refer to the 
applicable agreement for further details.



+--------------------------------------------------------------------------------------+
; Flow Summary                                                                         ;
+------------------------------------+-------------------------------------------------+
; Flow Status                        ; Successful - Thu Nov 07 19:26:46 2024           ;
; Quartus II 64-Bit Version          ; 13.0.1 Build 232 06/12/2013 SP 1 SJ Web Edition ;
; Revision Name                      ; Template_Parte_D                                ;
; Top-level Entity Name              ; Template_Parte_D                                ;
; Family                             ; Cyclone III                                     ;
; Device                             ; EP3C120F780C7                                   ;
; Timing Models                      ; Final                                           ;
; Total logic elements               ; 7 / 119,088 ( < 1 % )                           ;
;     Total combinational functions  ; 7 / 119,088 ( < 1 % )                           ;
;     Dedicated logic registers      ; 3 / 119,088 ( < 1 % )                           ;
; Total registers                    ; 3                                               ;
; Total pins                         ; 7 / 532 ( 1 % )                                 ;
; Total virtual pins                 ; 0                                               ;
; Total memory bits                  ; 0 / 3,981,312 ( 0 % )                           ;
; Embedded Multiplier 9-bit elements ; 0 / 576 ( 0 % )                                 ;
; Total PLLs                         ; 0 / 4 ( 0 % )                                   ;
+------------------------------------+-------------------------------------------------+


+-----------------------------------------+
; Flow Settings                           ;
+-------------------+---------------------+
; Option            ; Setting             ;
+-------------------+---------------------+
; Start date & time ; 11/07/2024 19:26:20 ;
; Main task         ; Compilation         ;
; Revision Name     ; Template_Parte_D    ;
+-------------------+---------------------+


+-----------------------------------------------------------------------------------------------------------------------------------------------+
; Flow Non-Default Global Settings                                                                                                              ;
+--------------------------------------+----------------------------------------------------+---------------+-------------+---------------------+
; Assignment Name                      ; Value                                              ; Default Value ; Entity Name ; Section Id          ;
+--------------------------------------+----------------------------------------------------+---------------+-------------+---------------------+
; COMPILER_SIGNATURE_ID                ; 929346426038.173101838018784                       ; --            ; --          ; --                  ;
; EDA_DESIGN_INSTANCE_NAME             ; uut                                                ; --            ; --          ; tb_Template_Parte_D ;
; EDA_NATIVELINK_SIMULATION_TEST_BENCH ; tb_Template_Parte_D                                ; --            ; --          ; eda_simulation      ;
; EDA_NETLIST_WRITER_OUTPUT_DIR        ; C:\Users\Facu\Documents\FPGA_Lab1\Parte D\Template ; --            ; --          ; eda_simulation      ;
; EDA_OUTPUT_DATA_FORMAT               ; Vhdl                                               ; --            ; --          ; eda_simulation      ;
; EDA_SIMULATION_TOOL                  ; ModelSim-Altera (VHDL)                             ; <None>        ; --          ; --                  ;
; EDA_TEST_BENCH_ENABLE_STATUS         ; TEST_BENCH_MODE                                    ; --            ; --          ; eda_simulation      ;
; EDA_TEST_BENCH_FILE                  ; Template/tb_Template_Parte_D.vhd                   ; --            ; --          ; tb_Template_Parte_D ;
; EDA_TEST_BENCH_MODULE_NAME           ; tb_Template_Parte_D                                ; --            ; --          ; tb_Template_Parte_D ;
; EDA_TEST_BENCH_NAME                  ; tb_Template_Parte_D                                ; --            ; --          ; eda_simulation      ;
; MAX_CORE_JUNCTION_TEMP               ; 85                                                 ; --            ; --          ; --                  ;
; MIN_CORE_JUNCTION_TEMP               ; 0                                                  ; --            ; --          ; --                  ;
; NOMINAL_CORE_SUPPLY_VOLTAGE          ; 1.2V                                               ; --            ; --          ; --                  ;
; PARTITION_COLOR                      ; 16764057                                           ; --            ; --          ; Top                 ;
; PARTITION_FITTER_PRESERVATION_LEVEL  ; PLACEMENT_AND_ROUTING                              ; --            ; --          ; Top                 ;
; PARTITION_NETLIST_TYPE               ; SOURCE                                             ; --            ; --          ; Top                 ;
; POWER_BOARD_THERMAL_MODEL            ; None (CONSERVATIVE)                                ; --            ; --          ; --                  ;
; POWER_PRESET_COOLING_SOLUTION        ; 23 MM HEAT SINK WITH 200 LFPM AIRFLOW              ; --            ; --          ; --                  ;
; PROJECT_OUTPUT_DIRECTORY             ; output_files                                       ; --            ; --          ; --                  ;
; STATE_MACHINE_PROCESSING             ; Gray                                               ; Auto          ; --          ; --                  ;
+--------------------------------------+----------------------------------------------------+---------------+-------------+---------------------+


+-------------------------------------------------------------------------------------------------------------------------------+
; Flow Elapsed Time                                                                                                             ;
+---------------------------+--------------+-------------------------+---------------------+------------------------------------+
; Module Name               ; Elapsed Time ; Average Processors Used ; Peak Virtual Memory ; Total CPU Time (on all processors) ;
+---------------------------+--------------+-------------------------+---------------------+------------------------------------+
; Analysis & Synthesis      ; 00:00:01     ; 1.0                     ; 4654 MB             ; 00:00:01                           ;
; Fitter                    ; 00:00:15     ; 1.0                     ; 5063 MB             ; 00:00:15                           ;
; Assembler                 ; 00:00:04     ; 1.0                     ; 4566 MB             ; 00:00:04                           ;
; TimeQuest Timing Analyzer ; 00:00:02     ; 1.0                     ; 4658 MB             ; 00:00:02                           ;
; EDA Netlist Writer        ; 00:00:01     ; 1.0                     ; 4539 MB             ; 00:00:00                           ;
; Total                     ; 00:00:23     ; --                      ; --                  ; 00:00:22                           ;
+---------------------------+--------------+-------------------------+---------------------+------------------------------------+


+----------------------------------------------------------------------------------------+
; Flow OS Summary                                                                        ;
+---------------------------+------------------+-----------+------------+----------------+
; Module Name               ; Machine Hostname ; OS Name   ; OS Version ; Processor type ;
+---------------------------+------------------+-----------+------------+----------------+
; Analysis & Synthesis      ; DESKTOP-VJBIUH4  ; Windows 7 ; 6.2        ; x86_64         ;
; Fitter                    ; DESKTOP-VJBIUH4  ; Windows 7 ; 6.2        ; x86_64         ;
; Assembler                 ; DESKTOP-VJBIUH4  ; Windows 7 ; 6.2        ; x86_64         ;
; TimeQuest Timing Analyzer ; DESKTOP-VJBIUH4  ; Windows 7 ; 6.2        ; x86_64         ;
; EDA Netlist Writer        ; DESKTOP-VJBIUH4  ; Windows 7 ; 6.2        ; x86_64         ;
+---------------------------+------------------+-----------+------------+----------------+


------------
; Flow Log ;
------------
quartus_map --read_settings_files=on --write_settings_files=off Template_Parte_D -c Template_Parte_D
quartus_fit --read_settings_files=off --write_settings_files=off Template_Parte_D -c Template_Parte_D
quartus_asm --read_settings_files=off --write_settings_files=off Template_Parte_D -c Template_Parte_D
quartus_sta Template_Parte_D -c Template_Parte_D
quartus_eda --read_settings_files=off --write_settings_files=off Template_Parte_D -c Template_Parte_D



