Flow report for control_i2c
Thu Nov 07 23:31:15 2024
Quartus II 64-Bit Version 13.0.1 Build 232 06/12/2013 Service Pack 1 SJ Web Edition


---------------------
; Table of Contents ;
---------------------
  1. Legal Notice
  2. Flow Summary
  3. Flow Settings
  4. Flow Non-Default Global Settings
  5. Flow Elapsed Time
  6. Flow OS Summary
  7. Flow Log
  8. Flow Messages
  9. Flow Suppressed Messages



----------------
; Legal Notice ;
----------------
Copyright (C) 1991-2013 Altera Corporation
Your use of Altera Corporation's design tools, logic functions 
and other software and tools, and its AMPP partner logic 
functions, and any output files from any of the foregoing 
(including device programming or simulation files), and any 
associated documentation or information are expressly subject 
to the terms and conditions of the Altera Program License 
Subscription Agreement, Altera MegaCore Function License 
Agreement, or other applicable license agreement, including, 
without limitation, that your use is for the sole purpose of 
programming logic devices manufactured by Altera and sold by 
Altera or its authorized distributors.  Please refer to the 
applicable agreement for further details.



+--------------------------------------------------------------------------------------+
; Flow Summary                                                                         ;
+------------------------------------+-------------------------------------------------+
; Flow Status                        ; Successful - Thu Nov 07 23:31:12 2024           ;
; Quartus II 64-Bit Version          ; 13.0.1 Build 232 06/12/2013 SP 1 SJ Web Edition ;
; Revision Name                      ; control_i2c                                     ;
; Top-level Entity Name              ; control_esclavo                                 ;
; Family                             ; Cyclone III                                     ;
; Device                             ; EP3C120F780C7                                   ;
; Timing Models                      ; Final                                           ;
; Total logic elements               ; 0 / 119,088 ( 0 % )                             ;
;     Total combinational functions  ; 0 / 119,088 ( 0 % )                             ;
;     Dedicated logic registers      ; 0 / 119,088 ( 0 % )                             ;
; Total registers                    ; 0                                               ;
; Total pins                         ; 3 / 532 ( < 1 % )                               ;
; Total virtual pins                 ; 0                                               ;
; Total memory bits                  ; 0 / 3,981,312 ( 0 % )                           ;
; Embedded Multiplier 9-bit elements ; 0 / 576 ( 0 % )                                 ;
; Total PLLs                         ; 0 / 4 ( 0 % )                                   ;
+------------------------------------+-------------------------------------------------+


+-----------------------------------------+
; Flow Settings                           ;
+-------------------+---------------------+
; Option            ; Setting             ;
+-------------------+---------------------+
; Start date & time ; 11/07/2024 23:30:54 ;
; Main task         ; Compilation         ;
; Revision Name     ; control_i2c         ;
+-------------------+---------------------+


+----------------------------------------------------------------------------------------------------------------------------+
; Flow Non-Default Global Settings                                                                                           ;
+-------------------------------------+---------------------------------------+---------------+-----------------+------------+
; Assignment Name                     ; Value                                 ; Default Value ; Entity Name     ; Section Id ;
+-------------------------------------+---------------------------------------+---------------+-----------------+------------+
; COMPILER_SIGNATURE_ID               ; 929346426038.173103305418288          ; --            ; --              ; --         ;
; MAX_CORE_JUNCTION_TEMP              ; 85                                    ; --            ; --              ; --         ;
; MIN_CORE_JUNCTION_TEMP              ; 0                                     ; --            ; --              ; --         ;
; NOMINAL_CORE_SUPPLY_VOLTAGE         ; 1.2V                                  ; --            ; --              ; --         ;
; PARTITION_COLOR                     ; 16764057                              ; --            ; control_esclavo ; Top        ;
; PARTITION_FITTER_PRESERVATION_LEVEL ; PLACEMENT_AND_ROUTING                 ; --            ; control_esclavo ; Top        ;
; PARTITION_NETLIST_TYPE              ; SOURCE                                ; --            ; control_esclavo ; Top        ;
; POWER_BOARD_THERMAL_MODEL           ; None (CONSERVATIVE)                   ; --            ; --              ; --         ;
; POWER_PRESET_COOLING_SOLUTION       ; 23 MM HEAT SINK WITH 200 LFPM AIRFLOW ; --            ; --              ; --         ;
; PROJECT_OUTPUT_DIRECTORY            ; output_files                          ; --            ; --              ; --         ;
; TOP_LEVEL_ENTITY                    ; control_esclavo                       ; control_i2c   ; --              ; --         ;
+-------------------------------------+---------------------------------------+---------------+-----------------+------------+


+-------------------------------------------------------------------------------------------------------------------------------+
; Flow Elapsed Time                                                                                                             ;
+---------------------------+--------------+-------------------------+---------------------+------------------------------------+
; Module Name               ; Elapsed Time ; Average Processors Used ; Peak Virtual Memory ; Total CPU Time (on all processors) ;
+---------------------------+--------------+-------------------------+---------------------+------------------------------------+
; Analysis & Synthesis      ; 00:00:02     ; 1.0                     ; 4659 MB             ; 00:00:01                           ;
; Fitter                    ; 00:00:13     ; 1.0                     ; 4995 MB             ; 00:00:12                           ;
; Assembler                 ; 00:00:03     ; 1.0                     ; 4566 MB             ; 00:00:04                           ;
; TimeQuest Timing Analyzer ; 00:00:02     ; 1.0                     ; 4659 MB             ; 00:00:02                           ;
; Total                     ; 00:00:20     ; --                      ; --                  ; 00:00:19                           ;
+---------------------------+--------------+-------------------------+---------------------+------------------------------------+


+----------------------------------------------------------------------------------------+
; Flow OS Summary                                                                        ;
+---------------------------+------------------+-----------+------------+----------------+
; Module Name               ; Machine Hostname ; OS Name   ; OS Version ; Processor type ;
+---------------------------+------------------+-----------+------------+----------------+
; Analysis & Synthesis      ; DESKTOP-VJBIUH4  ; Windows 7 ; 6.2        ; x86_64         ;
; Fitter                    ; DESKTOP-VJBIUH4  ; Windows 7 ; 6.2        ; x86_64         ;
; Assembler                 ; DESKTOP-VJBIUH4  ; Windows 7 ; 6.2        ; x86_64         ;
; TimeQuest Timing Analyzer ; DESKTOP-VJBIUH4  ; Windows 7 ; 6.2        ; x86_64         ;
+---------------------------+------------------+-----------+------------+----------------+


------------
; Flow Log ;
------------
quartus_map --read_settings_files=on --write_settings_files=off control_i2c -c control_i2c
quartus_fit --read_settings_files=off --write_settings_files=off control_i2c -c control_i2c
quartus_asm --read_settings_files=off --write_settings_files=off control_i2c -c control_i2c
quartus_sta control_i2c -c control_i2c



